node:internal/modules/cjs/loader:1144
  const err = new Error(message);
              ^

Error: Cannot find module 'bcrypt'
Require stack:
- D:\repo\hogwarts\prisma\seed-portsudan-complete.ts
    at Module._resolveFilename (node:internal/modules/cjs/loader:1144:15)
    at nextResolveSimple (D:\repo\hogwarts\node_modules\.pnpm\tsx@4.20.3\node_modules\tsx\dist\register-D46fvsV_.cjs:4:1004)
    at D:\repo\hogwarts\node_modules\.pnpm\tsx@4.20.3\node_modules\tsx\dist\register-D46fvsV_.cjs:3:2630
    at D:\repo\hogwarts\node_modules\.pnpm\tsx@4.20.3\node_modules\tsx\dist\register-D46fvsV_.cjs:3:1542
    at resolveTsPaths (D:\repo\hogwarts\node_modules\.pnpm\tsx@4.20.3\node_modules\tsx\dist\register-D46fvsV_.cjs:4:760)
    at D:\repo\hogwarts\node_modules\.pnpm\tsx@4.20.3\node_modules\tsx\dist\register-D46fvsV_.cjs:4:1102
    at m._resolveFilename (file:///D:/repo/hogwarts/node_modules/.pnpm/tsx@4.20.3/node_modules/tsx/dist/register-B7jrtLTO.mjs:1:789)
    at Module._load (node:internal/modules/cjs/loader:985:27)
    at Module.require (node:internal/modules/cjs/loader:1235:19)
    at require (node:internal/modules/helpers:176:18) {
  code: 'MODULE_NOT_FOUND',
  requireStack: [ 'D:\\repo\\hogwarts\\prisma\\seed-portsudan-complete.ts' ]
}

Node.js v20.11.0
